/*******************************************************************************************************
* DateTime: 2015-08-06 02:09:15		IP: 58.40.47.68Brower: Mozilla/5.0 (Windows NT 6.1; Win64; x64) AppleWebKit/537.36 (KHTML, like Gecko) Chrome/46.0.2471.0 Safari/537.36
* Url : http://c4lnewwebsite.nn.cagoe.com/Itf/Php/AjaxItf.php?method=Login
sql::select userid from cmn_usr_users where username = '陈波' and password='378216ad47cc02ba477d337e41877734'
*******************************************************************************************************/

/*******************************************************************************************************
* DateTime: 2015-08-06 02:09:15		IP: 58.40.47.68Brower: Mozilla/5.0 (Windows NT 6.1; Win64; x64) AppleWebKit/537.36 (KHTML, like Gecko) Chrome/46.0.2471.0 Safari/537.36
* Url : http://c4lnewwebsite.nn.cagoe.com/Itf/Php/AjaxItf.php?method=Login
GetUserIDCacheKey::
*******************************************************************************************************/

/*******************************************************************************************************
* DateTime: 2015-08-06 23:17:25		IP: 58.40.47.68Brower: Mozilla/5.0 (Windows NT 6.3; Win64; x64) AppleWebKit/537.36 (KHTML, like Gecko) Chrome/46.0.2471.0 Safari/537.36
* Url : http://c4lnewwebsite.nn.cagoe.com/Itf/Php/AjaxItf.php?method=Login
sql::select userid from cmn_usr_users where username = '李俊浩' and password='90b58287d96484fd9a33cc56d4e690a3'
*******************************************************************************************************/

/*******************************************************************************************************
* DateTime: 2015-08-06 23:17:25		IP: 58.40.47.68Brower: Mozilla/5.0 (Windows NT 6.3; Win64; x64) AppleWebKit/537.36 (KHTML, like Gecko) Chrome/46.0.2471.0 Safari/537.36
* Url : http://c4lnewwebsite.nn.cagoe.com/Itf/Php/AjaxItf.php?method=Login
GetUserIDCacheKey::
*******************************************************************************************************/

