/*******************************************************************************************************
* DateTime: 2015-08-05 01:38:32		IP: 58.40.47.68Brower: Mozilla/5.0 (Windows NT 6.1; Win64; x64) AppleWebKit/537.36 (KHTML, like Gecko) Chrome/46.0.2471.0 Safari/537.36
* Url : http://c4lnewwebsite.nn.cagoe.com/Itf/Php/AjaxItf.php?method=Login
sql::select userid from cmn_usr_users where username = '陈波' and password='378216ad47cc02ba477d337e41877734'
*******************************************************************************************************/

/*******************************************************************************************************
* DateTime: 2015-08-05 01:38:32		IP: 58.40.47.68Brower: Mozilla/5.0 (Windows NT 6.1; Win64; x64) AppleWebKit/537.36 (KHTML, like Gecko) Chrome/46.0.2471.0 Safari/537.36
* Url : http://c4lnewwebsite.nn.cagoe.com/Itf/Php/AjaxItf.php?method=Login
GetUserIDCacheKey::
*******************************************************************************************************/

/*******************************************************************************************************
* DateTime: 2015-08-05 02:05:14		IP: 58.40.47.68Brower: Mozilla/5.0 (Windows NT 6.3; Win64; x64) AppleWebKit/537.36 (KHTML, like Gecko) Chrome/46.0.2471.0 Safari/537.36
* Url : http://c4lnewwebsite.e-horse.cn/Itf/Php/AjaxItf.php?method=Login
sql::select userid from cmn_usr_users where username = '李俊浩' and password='90b58287d96484fd9a33cc56d4e690a3'
*******************************************************************************************************/

/*******************************************************************************************************
* DateTime: 2015-08-05 02:05:14		IP: 58.40.47.68Brower: Mozilla/5.0 (Windows NT 6.3; Win64; x64) AppleWebKit/537.36 (KHTML, like Gecko) Chrome/46.0.2471.0 Safari/537.36
* Url : http://c4lnewwebsite.e-horse.cn/Itf/Php/AjaxItf.php?method=Login
GetUserIDCacheKey::
*******************************************************************************************************/

/*******************************************************************************************************
* DateTime: 2015-08-05 02:55:59		IP: 58.40.47.68Brower: Mozilla/5.0 (Windows NT 6.1; WOW64) AppleWebKit/537.36 (KHTML, like Gecko) Chrome/31.0.1650.63 Safari/537.36
* Url : http://c4lnewwebsite.nn.cagoe.com/Itf/Php/AjaxItf.php?method=Login
sql::select userid from cmn_usr_users where username = 'dongxuec4l' and password='b1a8b5c05a2a8456798d928a0a52080b'
*******************************************************************************************************/

/*******************************************************************************************************
* DateTime: 2015-08-05 02:55:59		IP: 58.40.47.68Brower: Mozilla/5.0 (Windows NT 6.1; WOW64) AppleWebKit/537.36 (KHTML, like Gecko) Chrome/31.0.1650.63 Safari/537.36
* Url : http://c4lnewwebsite.nn.cagoe.com/Itf/Php/AjaxItf.php?method=Login
GetUserIDCacheKey::
*******************************************************************************************************/

/*******************************************************************************************************
* DateTime: 2015-08-05 02:58:26		IP: 183.131.104.162Brower: Mozilla/5.0 (Windows NT 6.3; WOW64) AppleWebKit/537.36 (KHTML, like Gecko) Maxthon/4.4.6.2000 Chrome/30.0.1599.101 Safari/537.36
* Url : http://c4lnewwebsite.nn.cagoe.com/Itf/Php/AjaxItf.php?method=Login
sql::select userid from cmn_usr_users where username = 'dongxuec4l' and password='b1a8b5c05a2a8456798d928a0a52080b'
*******************************************************************************************************/

/*******************************************************************************************************
* DateTime: 2015-08-05 02:58:26		IP: 183.131.104.162Brower: Mozilla/5.0 (Windows NT 6.3; WOW64) AppleWebKit/537.36 (KHTML, like Gecko) Maxthon/4.4.6.2000 Chrome/30.0.1599.101 Safari/537.36
* Url : http://c4lnewwebsite.nn.cagoe.com/Itf/Php/AjaxItf.php?method=Login
GetUserIDCacheKey::
*******************************************************************************************************/

/*******************************************************************************************************
* DateTime: 2015-08-05 12:49:46		IP: 58.40.47.68Brower: Mozilla/5.0 (Windows NT 6.1; Win64; x64) AppleWebKit/537.36 (KHTML, like Gecko) Chrome/46.0.2471.0 Safari/537.36
* Url : http://c4lnewwebsite.nn.cagoe.com/Itf/Php/AjaxItf.php?method=Login
sql::select userid from cmn_usr_users where username = '陈波' and password='315414d08159786f0fe4db421afd08a2'
*******************************************************************************************************/

/*******************************************************************************************************
* DateTime: 2015-08-05 12:49:46		IP: 58.40.47.68Brower: Mozilla/5.0 (Windows NT 6.1; Win64; x64) AppleWebKit/537.36 (KHTML, like Gecko) Chrome/46.0.2471.0 Safari/537.36
* Url : http://c4lnewwebsite.nn.cagoe.com/Itf/Php/AjaxItf.php?method=Login
GetUserIDCacheKey::
*******************************************************************************************************/

/*******************************************************************************************************
* DateTime: 2015-08-05 12:49:58		IP: 58.40.47.68Brower: Mozilla/5.0 (Windows NT 6.1; Win64; x64) AppleWebKit/537.36 (KHTML, like Gecko) Chrome/46.0.2471.0 Safari/537.36
* Url : http://c4lnewwebsite.nn.cagoe.com/Itf/Php/AjaxItf.php?method=Login
sql::select userid from cmn_usr_users where username = '陈波' and password='378216ad47cc02ba477d337e41877734'
*******************************************************************************************************/

/*******************************************************************************************************
* DateTime: 2015-08-05 12:49:58		IP: 58.40.47.68Brower: Mozilla/5.0 (Windows NT 6.1; Win64; x64) AppleWebKit/537.36 (KHTML, like Gecko) Chrome/46.0.2471.0 Safari/537.36
* Url : http://c4lnewwebsite.nn.cagoe.com/Itf/Php/AjaxItf.php?method=Login
GetUserIDCacheKey::
*******************************************************************************************************/

/*******************************************************************************************************
* DateTime: 2015-08-05 16:13:17		IP: 101.83.194.214Brower: Mozilla/5.0 (Windows NT 6.1; WOW64) AppleWebKit/537.36 (KHTML, like Gecko) Chrome/31.0.1650.63 Safari/537.36
* Url : http://c4lnewwebsite.nn.cagoe.com/Itf/Php/AjaxItf.php?method=Login
sql::select userid from cmn_usr_users where username = 'dongxuec4l' and password='b1a8b5c05a2a8456798d928a0a52080b'
*******************************************************************************************************/

/*******************************************************************************************************
* DateTime: 2015-08-05 16:13:17		IP: 101.83.194.214Brower: Mozilla/5.0 (Windows NT 6.1; WOW64) AppleWebKit/537.36 (KHTML, like Gecko) Chrome/31.0.1650.63 Safari/537.36
* Url : http://c4lnewwebsite.nn.cagoe.com/Itf/Php/AjaxItf.php?method=Login
GetUserIDCacheKey::
*******************************************************************************************************/

/*******************************************************************************************************
* DateTime: 2015-08-05 17:06:28		IP: 58.40.47.68Brower: Mozilla/5.0 (Windows NT 6.1; Win64; x64) AppleWebKit/537.36 (KHTML, like Gecko) Chrome/46.0.2471.0 Safari/537.36
* Url : http://c4lnewwebsite.nn.cagoe.com/Itf/Php/AjaxItf.php?method=Login
sql::select userid from cmn_usr_users where username = '陈波' and password='378216ad47cc02ba477d337e41877734'
*******************************************************************************************************/

/*******************************************************************************************************
* DateTime: 2015-08-05 17:06:28		IP: 58.40.47.68Brower: Mozilla/5.0 (Windows NT 6.1; Win64; x64) AppleWebKit/537.36 (KHTML, like Gecko) Chrome/46.0.2471.0 Safari/537.36
* Url : http://c4lnewwebsite.nn.cagoe.com/Itf/Php/AjaxItf.php?method=Login
GetUserIDCacheKey::
*******************************************************************************************************/

/*******************************************************************************************************
* DateTime: 2015-08-05 19:32:37		IP: 58.40.47.68Brower: Mozilla/5.0 (Windows NT 6.1; Win64; x64) AppleWebKit/537.36 (KHTML, like Gecko) Chrome/46.0.2471.0 Safari/537.36
* Url : http://c4lnewwebsite.nn.cagoe.com/Itf/Php/AjaxItf.php?method=Login
sql::select userid from cmn_usr_users where username = '陈波' and password='fd4c0bfa7fd3ff18fafb3e69bcab8a21'
*******************************************************************************************************/

/*******************************************************************************************************
* DateTime: 2015-08-05 19:32:37		IP: 58.40.47.68Brower: Mozilla/5.0 (Windows NT 6.1; Win64; x64) AppleWebKit/537.36 (KHTML, like Gecko) Chrome/46.0.2471.0 Safari/537.36
* Url : http://c4lnewwebsite.nn.cagoe.com/Itf/Php/AjaxItf.php?method=Login
GetUserIDCacheKey::
*******************************************************************************************************/

/*******************************************************************************************************
* DateTime: 2015-08-05 19:32:49		IP: 58.40.47.68Brower: Mozilla/5.0 (Windows NT 6.1; Win64; x64) AppleWebKit/537.36 (KHTML, like Gecko) Chrome/46.0.2471.0 Safari/537.36
* Url : http://c4lnewwebsite.nn.cagoe.com/Itf/Php/AjaxItf.php?method=Login
sql::select userid from cmn_usr_users where username = '陈波' and password='378216ad47cc02ba477d337e41877734'
*******************************************************************************************************/

/*******************************************************************************************************
* DateTime: 2015-08-05 19:32:49		IP: 58.40.47.68Brower: Mozilla/5.0 (Windows NT 6.1; Win64; x64) AppleWebKit/537.36 (KHTML, like Gecko) Chrome/46.0.2471.0 Safari/537.36
* Url : http://c4lnewwebsite.nn.cagoe.com/Itf/Php/AjaxItf.php?method=Login
GetUserIDCacheKey::
*******************************************************************************************************/

/*******************************************************************************************************
* DateTime: 2015-08-05 23:34:49		IP: 58.40.47.68Brower: Mozilla/5.0 (Windows NT 6.3; WOW64) AppleWebKit/537.36 (KHTML, like Gecko) Maxthon/4.4.6.2000 Chrome/30.0.1599.101 Safari/537.36
* Url : http://c4lnewwebsite.nn.cagoe.com/Itf/Php/AjaxItf.php?method=Login
sql::select userid from cmn_usr_users where username = 'dongxuec4l' and password='b1a8b5c05a2a8456798d928a0a52080b'
*******************************************************************************************************/

/*******************************************************************************************************
* DateTime: 2015-08-05 23:34:49		IP: 58.40.47.68Brower: Mozilla/5.0 (Windows NT 6.3; WOW64) AppleWebKit/537.36 (KHTML, like Gecko) Maxthon/4.4.6.2000 Chrome/30.0.1599.101 Safari/537.36
* Url : http://c4lnewwebsite.nn.cagoe.com/Itf/Php/AjaxItf.php?method=Login
GetUserIDCacheKey::
*******************************************************************************************************/

