/*******************************************************************************************************
* DateTime: 2015-08-03 17:17:31		IP: 58.40.47.68Brower: Mozilla/5.0 (Windows NT 6.1; Win64; x64) AppleWebKit/537.36 (KHTML, like Gecko) Chrome/46.0.2471.0 Safari/537.36
* Url : http://c4lnewwebsite.nn.cagoe.com/Itf/Php/AjaxItf.php?method=Login
sql::select userid from cmn_usr_users where username = '陈波' and password='378216ad47cc02ba477d337e41877734'
*******************************************************************************************************/

/*******************************************************************************************************
* DateTime: 2015-08-03 17:17:31		IP: 58.40.47.68Brower: Mozilla/5.0 (Windows NT 6.1; Win64; x64) AppleWebKit/537.36 (KHTML, like Gecko) Chrome/46.0.2471.0 Safari/537.36
* Url : http://c4lnewwebsite.nn.cagoe.com/Itf/Php/AjaxItf.php?method=Login
GetUserIDCacheKey::
*******************************************************************************************************/

/*******************************************************************************************************
* DateTime: 2015-08-03 17:17:38		IP: 58.40.47.68Brower: Mozilla/5.0 (Windows NT 6.1; Win64; x64) AppleWebKit/537.36 (KHTML, like Gecko) Chrome/46.0.2471.0 Safari/537.36
* Url : http://c4lnewwebsite.nn.cagoe.com/Itf/Php/AjaxItf.php?method=Login
sql::select userid from cmn_usr_users where username = '陈波' and password='378216ad47cc02ba477d337e41877734'
*******************************************************************************************************/

/*******************************************************************************************************
* DateTime: 2015-08-03 17:17:38		IP: 58.40.47.68Brower: Mozilla/5.0 (Windows NT 6.1; Win64; x64) AppleWebKit/537.36 (KHTML, like Gecko) Chrome/46.0.2471.0 Safari/537.36
* Url : http://c4lnewwebsite.nn.cagoe.com/Itf/Php/AjaxItf.php?method=Login
GetUserIDCacheKey::
*******************************************************************************************************/

/*******************************************************************************************************
* DateTime: 2015-08-03 22:56:33		IP: 58.40.47.68Brower: Mozilla/5.0 (Windows NT 6.1; Win64; x64) AppleWebKit/537.36 (KHTML, like Gecko) Chrome/46.0.2471.0 Safari/537.36
* Url : http://c4lnewwebsite.nn.cagoe.com/Itf/Php/AjaxItf.php?method=Login
sql::select userid from cmn_usr_users where username = '陈波' and password='378216ad47cc02ba477d337e41877734'
*******************************************************************************************************/

/*******************************************************************************************************
* DateTime: 2015-08-03 22:56:33		IP: 58.40.47.68Brower: Mozilla/5.0 (Windows NT 6.1; Win64; x64) AppleWebKit/537.36 (KHTML, like Gecko) Chrome/46.0.2471.0 Safari/537.36
* Url : http://c4lnewwebsite.nn.cagoe.com/Itf/Php/AjaxItf.php?method=Login
GetUserIDCacheKey::
*******************************************************************************************************/

